<?xml version="1.0" encoding="UTF-8"?>
<testng-results ignored="0" total="2" passed="2" failed="0" skipped="0">
  <reporter-output>
    <line>
      <![CDATA[execution started]]>
    </line>
    <line>
      <![CDATA[execution completed]]>
    </line>
  </reporter-output>
  <suite started-at="2023-08-06T09:04:46 IST" name="Suite" finished-at="2023-08-06T09:05:16 IST" duration-ms="30497">
    <groups>
    </groups>
    <test started-at="2023-08-06T09:04:46 IST" name="Test" finished-at="2023-08-06T09:05:16 IST" duration-ms="30497">
      <class name="pom.actitime.testcases.TC_01_ActitimeLoginLogout">
        <test-method is-config="true" signature="executionStart()[pri:0, instance:pom.actitime.testcases.TC_01_ActitimeLoginLogout@4fb61f4a]" started-at="2023-08-06T09:04:46 IST" name="executionStart" finished-at="2023-08-06T09:04:46 IST" duration-ms="18" status="PASS">
          <reporter-output>
            <line>
              <![CDATA[execution started]]>
            </line>
          </reporter-output>
        </test-method> <!-- executionStart -->
        <test-method is-config="true" signature="setup()[pri:0, instance:pom.actitime.testcases.TC_01_ActitimeLoginLogout@4fb61f4a]" started-at="2023-08-06T09:04:46 IST" name="setup" finished-at="2023-08-06T09:05:01 IST" duration-ms="15033" status="PASS">
          <reporter-output>
          </reporter-output>
        </test-method> <!-- setup -->
        <test-method signature="loginlogout()[pri:0, instance:pom.actitime.testcases.TC_01_ActitimeLoginLogout@4fb61f4a]" started-at="2023-08-06T09:05:01 IST" name="loginlogout" finished-at="2023-08-06T09:05:11 IST" duration-ms="9846" status="PASS">
          <reporter-output>
          </reporter-output>
        </test-method> <!-- loginlogout -->
        <test-method signature="titlevalidation()[pri:0, instance:pom.actitime.testcases.TC_01_ActitimeLoginLogout@4fb61f4a]" started-at="2023-08-06T09:05:11 IST" name="titlevalidation" finished-at="2023-08-06T09:05:16 IST" depends-on-methods="pom.actitime.testcases.TC_01_ActitimeLoginLogout.loginlogout" duration-ms="5563" status="PASS">
          <reporter-output>
          </reporter-output>
        </test-method> <!-- titlevalidation -->
        <test-method is-config="true" signature="teardown()[pri:0, instance:pom.actitime.testcases.TC_01_ActitimeLoginLogout@4fb61f4a]" started-at="2023-08-06T09:05:16 IST" name="teardown" finished-at="2023-08-06T09:05:16 IST" duration-ms="0" status="PASS">
          <reporter-output>
          </reporter-output>
        </test-method> <!-- teardown -->
        <test-method is-config="true" signature="executionComplete()[pri:0, instance:pom.actitime.testcases.TC_01_ActitimeLoginLogout@4fb61f4a]" started-at="2023-08-06T09:05:17 IST" name="executionComplete" finished-at="2023-08-06T09:05:17 IST" duration-ms="1" status="PASS">
          <reporter-output>
            <line>
              <![CDATA[execution completed]]>
            </line>
          </reporter-output>
        </test-method> <!-- executionComplete -->
      </class> <!-- pom.actitime.testcases.TC_01_ActitimeLoginLogout -->
    </test> <!-- Test -->
  </suite> <!-- Suite -->
</testng-results>
