<?xml version="1.0" encoding="UTF-8"?>
<testng-results ignored="0" total="2" passed="2" failed="0" skipped="0">
  <reporter-output>
    <line>
      <![CDATA[execution started]]>
    </line>
    <line>
      <![CDATA[execution completed]]>
    </line>
  </reporter-output>
  <suite started-at="2023-08-06T08:26:54 IST" name="Default suite" finished-at="2023-08-06T08:27:35 IST" duration-ms="41849">
    <groups>
    </groups>
    <test started-at="2023-08-06T08:26:54 IST" name="Default test" finished-at="2023-08-06T08:27:35 IST" duration-ms="41849">
      <class name="pom.actitime.testcases.TC_01_ActitimeLoginLogout">
        <test-method is-config="true" signature="executionStart()[pri:0, instance:pom.actitime.testcases.TC_01_ActitimeLoginLogout@3eb25e1a]" started-at="2023-08-06T08:26:54 IST" name="executionStart" finished-at="2023-08-06T08:26:54 IST" duration-ms="19" status="PASS">
          <reporter-output>
            <line>
              <![CDATA[execution started]]>
            </line>
          </reporter-output>
        </test-method> <!-- executionStart -->
        <test-method is-config="true" signature="setup()[pri:0, instance:pom.actitime.testcases.TC_01_ActitimeLoginLogout@3eb25e1a]" started-at="2023-08-06T08:26:54 IST" name="setup" finished-at="2023-08-06T08:27:19 IST" duration-ms="25493" status="PASS">
          <reporter-output>
          </reporter-output>
        </test-method> <!-- setup -->
        <test-method signature="loginlogout()[pri:0, instance:pom.actitime.testcases.TC_01_ActitimeLoginLogout@3eb25e1a]" started-at="2023-08-06T08:27:19 IST" name="loginlogout" finished-at="2023-08-06T08:27:29 IST" duration-ms="10219" status="PASS">
          <reporter-output>
          </reporter-output>
        </test-method> <!-- loginlogout -->
        <test-method signature="titlevalidation()[pri:0, instance:pom.actitime.testcases.TC_01_ActitimeLoginLogout@3eb25e1a]" started-at="2023-08-06T08:27:29 IST" name="titlevalidation" finished-at="2023-08-06T08:27:35 IST" depends-on-methods="pom.actitime.testcases.TC_01_ActitimeLoginLogout.loginlogout" duration-ms="6054" status="PASS">
          <reporter-output>
          </reporter-output>
        </test-method> <!-- titlevalidation -->
        <test-method is-config="true" signature="teardown()[pri:0, instance:pom.actitime.testcases.TC_01_ActitimeLoginLogout@3eb25e1a]" started-at="2023-08-06T08:27:35 IST" name="teardown" finished-at="2023-08-06T08:27:35 IST" duration-ms="0" status="PASS">
          <reporter-output>
          </reporter-output>
        </test-method> <!-- teardown -->
        <test-method is-config="true" signature="executionComplete()[pri:0, instance:pom.actitime.testcases.TC_01_ActitimeLoginLogout@3eb25e1a]" started-at="2023-08-06T08:27:35 IST" name="executionComplete" finished-at="2023-08-06T08:27:35 IST" duration-ms="0" status="PASS">
          <reporter-output>
            <line>
              <![CDATA[execution completed]]>
            </line>
          </reporter-output>
        </test-method> <!-- executionComplete -->
      </class> <!-- pom.actitime.testcases.TC_01_ActitimeLoginLogout -->
    </test> <!-- Default test -->
  </suite> <!-- Default suite -->
</testng-results>
